<?xml version="1.0" encoding="UTF-8"?>
<testsuite name="pvt.code.practice.ProblemSolverApplicationTests" tests="1" skipped="0" failures="0" errors="0" timestamp="2024-06-21T16:49:14" hostname="Souravs-Laptop.local" time="0.499">
  <properties/>
  <testcase name="contextLoads()" classname="pvt.code.practice.ProblemSolverApplicationTests" time="0.499"/>
  <system-out><![CDATA[22:19:14.101 [Test worker] INFO org.springframework.test.context.support.AnnotationConfigContextLoaderUtils -- Could not detect default configuration classes for test class [pvt.code.practice.ProblemSolverApplicationTests]: ProblemSolverApplicationTests does not declare any static, non-private, non-final, nested classes annotated with @Configuration.
22:19:14.136 [Test worker] INFO org.springframework.boot.test.context.SpringBootTestContextBootstrapper -- Found @SpringBootConfiguration pvt.code.practice.ProblemSolverApplication for test class pvt.code.practice.ProblemSolverApplicationTests

  .   ____          _            __ _ _
 /\\ / ___'_ __ _ _(_)_ __  __ _ \ \ \ \
( ( )\___ | '_ | '_| | '_ \/ _` | \ \ \ \
 \\/  ___)| |_)| | | | | || (_| |  ) ) ) )
  '  |____| .__|_| |_|_| |_\__, | / / / /
 =========|_|==============|___/=/_/_/_/
 :: Spring Boot ::                (v3.2.4)

2024-06-21T22:19:14.262+05:30  INFO 32585 --- [ProblemSolver] [    Test worker] p.c.p.ProblemSolverApplicationTests      : Starting ProblemSolverApplicationTests using Java 17.0.11 with PID 32585 (started by sahasavy in /Users/sahasavy/Sourav/Projects/IntelliJ/ProblemSolver)
2024-06-21T22:19:14.263+05:30  INFO 32585 --- [ProblemSolver] [    Test worker] p.c.p.ProblemSolverApplicationTests      : No active profile set, falling back to 1 default profile: "default"
2024-06-21T22:19:14.465+05:30  INFO 32585 --- [ProblemSolver] [    Test worker] p.c.p.ProblemSolverApplicationTests      : Started ProblemSolverApplicationTests in 0.285 seconds (process running for 0.677)
]]></system-out>
  <system-err><![CDATA[]]></system-err>
</testsuite>
